


ARM Macro Assembler    Page 1 


    1 00000000         ; gpio.s
    2 00000000         ; Desenvolvido para a placa EK-TM4C1294XL
    3 00000000         ; Prof. Guilherme Peron
    4 00000000         ; 19/03/2018
    5 00000000         
    6 00000000         ; ------------------------------------------------------
                       -------------------------
    7 00000000                 THUMB                        ; Instruçőes do tip
                                                            o Thumb-2
    8 00000000         ; ------------------------------------------------------
                       -------------------------
    9 00000000         ; Declaraçőes EQU - Defines
   10 00000000         ; ========================
   11 00000000         ; Definiçőes dos Registradores Gerais
   12 00000000 400FE608 
                       SYSCTL_RCGCGPIO_R
                               EQU              0x400FE608
   13 00000000 400FEA08 
                       SYSCTL_PRGPIO_R
                               EQU              0x400FEA08
   14 00000000         
   15 00000000         ; ========================
   16 00000000         ; NVIC
   17 00000000 E000E108 
                       NVIC_EN2_R
                               EQU              0xE000E108
   18 00000000 E000E448 
                       NVIC_PRI18_R
                               EQU              0xE000E448
   19 00000000         ; ========================
   20 00000000         ; Definiçőes dos Ports
   21 00000000         ; PORT K
   22 00000000 40061404 
                       GPIO_PORTK_IS_R
                               EQU              0x40061404
   23 00000000 40061408 
                       GPIO_PORTK_IBE_R
                               EQU              0x40061408
   24 00000000 4006140C 
                       GPIO_PORTK_IEV_R
                               EQU              0x4006140C
   25 00000000 40061410 
                       GPIO_PORTK_IM_R
                               EQU              0x40061410
   26 00000000 40061414 
                       GPIO_PORTK_RIS_R
                               EQU              0x40061414
   27 00000000 4006141C 
                       GPIO_PORTK_ICR_R
                               EQU              0x4006141C
   28 00000000 40061520 
                       GPIO_PORTK_LOCK_R
                               EQU              0x40061520
   29 00000000 40061524 
                       GPIO_PORTK_CR_R
                               EQU              0x40061524
   30 00000000 40061528 
                       GPIO_PORTK_AMSEL_R
                               EQU              0x40061528



ARM Macro Assembler    Page 2 


   31 00000000 4006152C 
                       GPIO_PORTK_PCTL_R
                               EQU              0x4006152C
   32 00000000 40061400 
                       GPIO_PORTK_DIR_R
                               EQU              0x40061400
   33 00000000 40061420 
                       GPIO_PORTK_AFSEL_R
                               EQU              0x40061420
   34 00000000 4006151C 
                       GPIO_PORTK_DEN_R
                               EQU              0x4006151C
   35 00000000 40061510 
                       GPIO_PORTK_PUR_R
                               EQU              0x40061510
   36 00000000 400613FC 
                       GPIO_PORTK_DATA_R
                               EQU              0x400613FC
   37 00000000 00000200 
                       GPIO_PORTK
                               EQU              2_00001000000000
   38 00000000         
   39 00000000         ; PORT M
   40 00000000 40063404 
                       GPIO_PORTM_IS_R
                               EQU              0x40063404
   41 00000000 40063408 
                       GPIO_PORTM_IBE_R
                               EQU              0x40063408
   42 00000000 4006340C 
                       GPIO_PORTM_IEV_R
                               EQU              0x4006340C
   43 00000000 40063410 
                       GPIO_PORTM_IM_R
                               EQU              0x40063410
   44 00000000 40063414 
                       GPIO_PORTM_RIS_R
                               EQU              0x40063414
   45 00000000 4006341C 
                       GPIO_PORTM_ICR_R
                               EQU              0x4006341C
   46 00000000 40063520 
                       GPIO_PORTM_LOCK_R
                               EQU              0x40063520
   47 00000000 40063524 
                       GPIO_PORTM_CR_R
                               EQU              0x40063524
   48 00000000 40063528 
                       GPIO_PORTM_AMSEL_R
                               EQU              0x40063528
   49 00000000 4006352C 
                       GPIO_PORTM_PCTL_R
                               EQU              0x4006352C
   50 00000000 40063400 
                       GPIO_PORTM_DIR_R
                               EQU              0x40063400
   51 00000000 40063420 
                       GPIO_PORTM_AFSEL_R
                               EQU              0x40063420



ARM Macro Assembler    Page 3 


   52 00000000 4006351C 
                       GPIO_PORTM_DEN_R
                               EQU              0x4006351C
   53 00000000 40063510 
                       GPIO_PORTM_PUR_R
                               EQU              0x40063510
   54 00000000 400633FC 
                       GPIO_PORTM_DATA_R
                               EQU              0x400633FC
   55 00000000 00000800 
                       GPIO_PORTM
                               EQU              2_00100000000000
   56 00000000         ; PORT N
   57 00000000 40064520 
                       GPIO_PORTN_LOCK_R
                               EQU              0x40064520
   58 00000000 40064524 
                       GPIO_PORTN_CR_R
                               EQU              0x40064524
   59 00000000 40064528 
                       GPIO_PORTN_AMSEL_R
                               EQU              0x40064528
   60 00000000 4006452C 
                       GPIO_PORTN_PCTL_R
                               EQU              0x4006452C
   61 00000000 40064400 
                       GPIO_PORTN_DIR_R
                               EQU              0x40064400
   62 00000000 40064420 
                       GPIO_PORTN_AFSEL_R
                               EQU              0x40064420
   63 00000000 4006451C 
                       GPIO_PORTN_DEN_R
                               EQU              0x4006451C
   64 00000000 40064510 
                       GPIO_PORTN_PUR_R
                               EQU              0x40064510
   65 00000000 400643FC 
                       GPIO_PORTN_DATA_R
                               EQU              0x400643FC
   66 00000000 00001000 
                       GPIO_PORTN
                               EQU              2_001000000000000
   67 00000000         
   68 00000000         
   69 00000000         ; ------------------------------------------------------
                       -------------------------
   70 00000000         ; Área de Código - Tudo abaixo da diretiva a seguir será
                        armazenado na memória de 
   71 00000000         ;                  código
   72 00000000                 AREA             |.text|, CODE, READONLY, ALIGN=
2
   73 00000000         
   74 00000000         ; Se alguma funçăo do arquivo for chamada em outro arqui
                       vo 
   75 00000000                 EXPORT           GPIO_Init   ; Permite chamar GP
                                                            IO_Init de outro ar
                                                            quivo
   76 00000000                 EXPORT           PortN_Output ; Permite chamar P



ARM Macro Assembler    Page 4 


                                                            ortN_Output de outr
                                                            o arquivo
   77 00000000                 EXPORT           GPIOPortM_Handler
   78 00000000                 IMPORT           EnableInterrupts
   79 00000000                 IMPORT           DisableInterrupts
   80 00000000                 IMPORT           SysTick_Wait1ms
   81 00000000         
   82 00000000         
   83 00000000         ;-------------------------------------------------------
                       -------------------------
   84 00000000         ; Funçăo GPIO_Init
   85 00000000         ; Parâmetro de entrada: Năo tem
   86 00000000         ; Parâmetro de saída: Năo tem
   87 00000000         GPIO_Init
   88 00000000         ;=====================
   89 00000000         ; 1. Ativar o clock para a porta setando o bit correspon
                       dente no registrador RCGCGPIO,
   90 00000000         ; após isso verificar no PRGPIO se a porta está pronta p
                       ara uso.
   91 00000000         ; enable clock to GPIOF at clock gating register
   92 00000000 4841            LDR              R0, =SYSCTL_RCGCGPIO_R ;Carrega
                                                             o endereço do regi
                                                            strador RCGCGPIO
   93 00000002 F44F 5180       MOV              R1, #GPIO_PORTN ;Seta o bit da 
                                                            porta N
   94 00000006 F441 6100       ORR              R1, #GPIO_PORTM ;Seta o bit da 
                                                            porta M, fazendo co
                                                            m OR
   95 0000000A F441 7100       ORR              R1, #GPIO_PORTK
   96 0000000E 6001            STR              R1, [R0]    ;Move para a memóri
                                                            a os bits das porta
                                                            s no endereço do RC
                                                            GCGPIO
   97 00000010         
   98 00000010 483E            LDR              R0, =SYSCTL_PRGPIO_R ;Carrega o
                                                             endereço do PRGPIO
                                                             para esperar os GP
                                                            IO ficarem prontos
   99 00000012 6801    EsperaGPIO
                               LDR              R1, [R0]    ;Lę da memória o co
                                                            nteúdo do endereço 
                                                            do registrador
  100 00000014 F44F 5280       MOV              R2, #GPIO_PORTN ;Seta os bits c
                                                            orrespondentes ŕs p
                                                            ortas para fazer a 
                                                            comparaçăo
  101 00000018 F442 6200       ORR              R2, #GPIO_PORTM ;Seta o bit da 
                                                            porta M, fazendo co
                                                            m OR
  102 0000001C F442 7200       ORR              R2, #GPIO_PORTK
  103 00000020 4211            TST              R1, R2      ;ANDS de R1 com R2
  104 00000022 D0F6            BEQ              EsperaGPIO  ;Se o flag Z=1, vol
                                                            ta para o laço. Sen
                                                            ăo continua executa
                                                            ndo
  105 00000024         
  106 00000024         ; 2. Limpar o AMSEL para desabilitar a analógica
  107 00000024 F04F 0100       MOV              R1, #0x00   ;Colocar 0 no regis
                                                            trador para desabil



ARM Macro Assembler    Page 5 


                                                            itar a funçăo analó
                                                            gica
  108 00000028 4839            LDR              R0, =GPIO_PORTK_AMSEL_R ;Carreg
                                                            a o R0 com o endere
                                                            ço do AMSEL para a 
                                                            porta K
  109 0000002A 6001            STR              R1, [R0]    ;Guarda no registra
                                                            dor AMSEL da porta 
                                                            K da memória
  110 0000002C 4839            LDR              R0, =GPIO_PORTM_AMSEL_R ;Carreg
                                                            a o R0 com o endere
                                                            ço do AMSEL para a 
                                                            porta M
  111 0000002E 6001            STR              R1, [R0]    ;Guarda no registra
                                                            dor AMSEL da porta 
                                                            M da memória
  112 00000030 4839            LDR              R0, =GPIO_PORTN_AMSEL_R ;Carreg
                                                            a o R0 com o endere
                                                            ço do AMSEL para a 
                                                            porta N
  113 00000032 6001            STR              R1, [R0]    ;Guarda no registra
                                                            dor AMSEL da porta 
                                                            N da memória
  114 00000034         
  115 00000034         ; 3. Limpar PCTL para selecionar o GPIO
  116 00000034 F04F 0100       MOV              R1, #0x00   ;Colocar 0 no regis
                                                            trador para selecio
                                                            nar o modo GPIO
  117 00000038 4838            LDR              R0, =GPIO_PORTK_PCTL_R ;Carrega
                                                             o R0 com o endereç
                                                            o do PCTL para a po
                                                            rta K
  118 0000003A 6001            STR              R1, [R0]    ;Guarda no registra
                                                            dor PCTL da porta M
                                                             da memória
  119 0000003C 4838            LDR              R0, =GPIO_PORTM_PCTL_R ;Carrega
                                                             o R0 com o endereç
                                                            o do PCTL para a po
                                                            rta M
  120 0000003E 6001            STR              R1, [R0]    ;Guarda no registra
                                                            dor PCTL da porta M
                                                             da memória
  121 00000040 4838            LDR              R0, =GPIO_PORTN_PCTL_R ;Carrega
                                                             o R0 com o endereç
                                                            o do PCTL para a po
                                                            rta N
  122 00000042 6001            STR              R1, [R0]    ;Guarda no registra
                                                            dor PCTL da porta N
                                                             da memória
  123 00000044         ; 4. DIR para 0 se for entrada, 1 se for saída
  124 00000044 4838            LDR              R0, =GPIO_PORTK_DIR_R ;Carrega 
                                                            o R0 com o endereço
                                                             do DIR para a port
                                                            a K
  125 00000046 F04F 0180       MOV              R1, #2_10000000
  126 0000004A 6001            STR              R1, [R0]    ;Guarda no registra
                                                            dor   
  127 0000004C 4837            LDR              R0, =GPIO_PORTN_DIR_R ;Carrega 
                                                            o R0 com o endereço



ARM Macro Assembler    Page 6 


                                                             do DIR para a port
                                                            a N
  128 0000004E F04F 0101       MOV              R1, #2_00000001 
                                                            ;PN1 & PN0 para LED
                                                            
  129 00000052 F041 0102       ORR              R1, #2_00000010 ;Enviar o valor
                                                             0x03 para habilita
                                                            r os pinos como saí
                                                            da
  130 00000056 6001            STR              R1, [R0]    ;Guarda no registra
                                                            dor
  131 00000058         ; O certo era verificar os outros bits da PM para năo tr
                       ansformar entradas em saídas desnecessárias
  132 00000058 4835            LDR              R0, =GPIO_PORTM_DIR_R ;Carrega 
                                                            o R0 com o endereço
                                                             do DIR para a port
                                                            a M
  133 0000005A F04F 0100       MOV              R1, #0x00   ;Colocar 0 no regis
                                                            trador DIR para fun
                                                            cionar como entrada
                                                            
  134 0000005E 6001            STR              R1, [R0]
  135 00000060         ; 5. Limpar os bits AFSEL para 0 para selecionar GPIO 
  136 00000060         ;    Sem funçăo alternativa
  137 00000060 F04F 0100       MOV              R1, #0x00   ;Colocar o valor 0 
                                                            para năo setar funç
                                                            ăo alternativa
  138 00000064 4833            LDR              R0, =GPIO_PORTK_AFSEL_R ;Carreg
                                                            a o endereço do AFS
                                                            EL da porta K
  139 00000066 6001            STR              R1, [R0]    ;Escreve na porta  
                                                             
  140 00000068 4833            LDR              R0, =GPIO_PORTN_AFSEL_R ;Carreg
                                                            a o endereço do AFS
                                                            EL da porta N
  141 0000006A 6001            STR              R1, [R0]    ;Escreve na porta
  142 0000006C 4833            LDR              R0, =GPIO_PORTM_AFSEL_R ;Carreg
                                                            a o endereço do AFS
                                                            EL da porta M
  143 0000006E 6001            STR              R1, [R0]    ;Escreve na porta
  144 00000070         ; 6. Setar os bits de DEN para habilitar I/O digital
  145 00000070 4833            LDR              R0, =GPIO_PORTK_DEN_R ;Carrega 
                                                            o endereço do DEN
  146 00000072 6801            LDR              R1, [R0]    ;Ler da memória o r
                                                            egistrador GPIO_POR
                                                            TN_DEN_R
  147 00000074 F04F 0280       MOV              R2, #2_10000000
  148 00000078 EA41 0102       ORR              R1, R2
  149 0000007C 6001            STR              R1, [R0]    ;Escreve no registr
                                                            ador da memória fun
                                                            cionalidade digital
                                                            
  150 0000007E         
  151 0000007E 4831            LDR              R0, =GPIO_PORTN_DEN_R ;Carrega 
                                                            o endereço do DEN
  152 00000080 6801            LDR              R1, [R0]    ;Ler da memória o r
                                                            egistrador GPIO_POR
                                                            TN_DEN_R
  153 00000082 F04F 0201       MOV              R2, #2_00000001



ARM Macro Assembler    Page 7 


  154 00000086 F042 0202       ORR              R2, #2_00000010 ;Habilitar func
                                                            ionalidade digital 
                                                            na DEN os bits 0 e 
                                                            1
  155 0000008A EA41 0102       ORR              R1, R2
  156 0000008E 6001            STR              R1, [R0]    ;Escreve no registr
                                                            ador da memória fun
                                                            cionalidade digital
                                                             
  157 00000090         
  158 00000090 482D            LDR              R0, =GPIO_PORTM_DEN_R ;Carrega 
                                                            o endereço do DEN
  159 00000092 6801            LDR              R1, [R0]    ;Ler da memória o r
                                                            egistrador GPIO_POR
                                                            TN_DEN_R
  160 00000094 F04F 0201       MOV              R2, #2_00000001
  161 00000098 EA41 0102       ORR              R1, R2
  162 0000009C 6001            STR              R1, [R0]    ;Escreve no registr
                                                            ador da memória fun
                                                            cionalidade digital
                                                            
  163 0000009E         
  164 0000009E         ; 7. Para habilitar resistor de pull-up interno, setar P
                       UR para 1
  165 0000009E 482B            LDR              R0, =GPIO_PORTM_PUR_R ;Carrega 
                                                            o endereço do PUR p
                                                            ara a porta M
  166 000000A0 F04F 0101       MOV              R1, #2_00000001 ;Habilitar func
                                                            ionalidade digital 
                                                            de resistor de pull
                                                            -up 
  167 000000A4 6001            STR              R1, [R0]    ;Escreve no registr
                                                            ador da memória do 
                                                            resistor de pull-up
                                                            
  168 000000A6         
  169 000000A6         ;Interrupçőes
  170 000000A6         ; 8. Desabilitar a interrupçăo no registrador IM
  171 000000A6 482A            LDR              R0, =GPIO_PORTM_IM_R ;Carrega o
                                                             endereço do IM par
                                                            a a porta M
  172 000000A8 F04F 0100       MOV              R1, #2_00   ;Desabilitar as int
                                                            errupçőes  
  173 000000AC 6001            STR              R1, [R0]    ;Escreve no registr
                                                            ador
  174 000000AE         
  175 000000AE         ; 9. Configurar o tipo de interrupçăo por borda no regis
                       trador IS
  176 000000AE 4829            LDR              R0, =GPIO_PORTM_IS_R ;Carrega o
                                                             endereço do IS par
                                                            a a porta M
  177 000000B0 F04F 0100       MOV              R1, #2_00   ;Por Borda  
  178 000000B4 6001            STR              R1, [R0]    ;Escreve no registr
                                                            ador
  179 000000B6         
  180 000000B6         ; 10. Configurar  borda única no registrador IBE
  181 000000B6 4828            LDR              R0, =GPIO_PORTM_IBE_R ;Carrega 
                                                            o endereço do IBE p
                                                            ara a porta M



ARM Macro Assembler    Page 8 


  182 000000B8 F04F 0100       MOV              R1, #2_00   ;Borda Única  
  183 000000BC 6001            STR              R1, [R0]    ;Escreve no registr
                                                            ador
  184 000000BE         ; 11. Configurar  borda de descida (botăo pressionado) n
                       o registrador IEV
  185 000000BE 4827            LDR              R0, =GPIO_PORTM_IEV_R ;Carrega 
                                                            o endereço do IEV p
                                                            ara a porta M
  186 000000C0 F04F 0100       MOV              R1, #2_00   ;Borda Única  
  187 000000C4 6001            STR              R1, [R0]    ;Escreve no registr
                                                            ador
  188 000000C6         
  189 000000C6         ; 12. Habilitar a interrupçăo no registrador IM
  190 000000C6 4822            LDR              R0, =GPIO_PORTM_IM_R ;Carrega o
                                                             endereço do IM par
                                                            a a porta M
  191 000000C8 F04F 0101       MOV              R1, #2_01   ;Habilitar as inter
                                                            rupçőes  
  192 000000CC 6001            STR              R1, [R0]    ;Escreve no registr
                                                            ador
  193 000000CE         
  194 000000CE         ;Interrupçăo número 72            
  195 000000CE         ; 13. Setar a prioridade no NVIC
  196 000000CE 4824            LDR              R0, =NVIC_PRI18_R ;Carrega o do
                                                             NVIC para o grupo 
                                                            que tem o M entre 7
                                                            2 e 75
  197 000000D0 F04F 0103       MOV              R1, #3      ;Prioridade 3
  198 000000D4 EA4F 1141       LSL              R1, R1, #5  ;Desloca 5 bits par
                                                            a a esquerda já que
                                                             o M é o primeiro b
                                                            yte do PRI18
  199 000000D8 6001            STR              R1, [R0]    ;Escreve no registr
                                                            ador da memória
  200 000000DA         ; 14. Habilitar a interrupçăo no NVIC
  201 000000DA 4822            LDR              R0, =NVIC_EN2_R ;Carrega o do N
                                                            VIC para o grupo qu
                                                            e tem o M entre 64 
                                                            e 95
  202 000000DC F04F 0101       MOV              R1, #1
  203 000000E0 EA4F 2101       LSL              R1, #8      ;Desloca 8 bits par
                                                            a a esquerda já que
                                                             o M é a interrupçă
                                                            o do bit 8 no EN2
  204 000000E4 6001            STR              R1, [R0]    ;Escreve no registr
                                                            ador da memória
  205 000000E6         
  206 000000E6         
  207 000000E6 4770            BX               LR
  208 000000E8         
  209 000000E8         ; ------------------------------------------------------
                       -------------------------
  210 000000E8         ; Funçăo PortN_Output
  211 000000E8         ; Parâmetro de entrada: R0 --> se os BIT1 e BIT0 estăo l
                       igado ou desligado
  212 000000E8         ; Parâmetro de saída: Năo tem
  213 000000E8         PortN_Output
  214 000000E8 491F            LDR              R1, =GPIO_PORTN_DATA_R ;Carrega
                                                             o valor do offset 



ARM Macro Assembler    Page 9 


                                                            do data register
  215 000000EA         ;Read-Modify-Write para escrita
  216 000000EA 680A            LDR              R2, [R1]
  217 000000EC F022 0203       BIC              R2, #2_00000011 ;Primeiro limpa
                                                            mos os dois bits do
                                                             lido da porta R2 =
                                                             R2 & 11111100
  218 000000F0 EA40 0002       ORR              R0, R0, R2  ;Fazer o OR do lido
                                                             pela porta com o p
                                                            arâmetro de entrada
                                                            
  219 000000F4 6008            STR              R0, [R1]    ;Escreve na porta N
                                                             o barramento de da
                                                            dos dos pinos [N5-N
                                                            0]
  220 000000F6 4770            BX               LR          ;Retorno
  221 000000F8         
  222 000000F8         
  223 000000F8         ; ------------------------------------------------------
                       -------------------------
  224 000000F8         ; Funçăo ISR GPIOPortM_Handler (Tratamento da interrupçă
                       o)
  225 000000F8         ; Parâmetro de entrada: Năo tem
  226 000000F8         ; Parâmetro de saída: Năo tem
  227 000000F8         GPIOPortM_Handler
  228 000000F8 491C            LDR              R1, =GPIO_PORTM_ICR_R
  229 000000FA F04F 0001       MOV              R0, #2_00000001 ; Fazendo o ACK
                                                             do bit 0 do PortM
  230 000000FE 6008            STR              R0, [R1]    ;limpando a interru
                                                            pçăo (ack)
  231 00000100         
  232 00000100 F08A 0A01       EOR              R10, R10, #2_1
  233 00000104         
  234 00000104         
  235 00000104 4770            BX               LR          ;retorno
  236 00000106         
  237 00000106         
  238 00000106         
  239 00000106 00 00           ALIGN                        ; garante que o fim
                                                             da seçăo está alin
                                                            hada 
  240 00000108                 END                          ; fim do arquivo
              400FE608 
              400FEA08 
              40061528 
              40063528 
              40064528 
              4006152C 
              4006352C 
              4006452C 
              40061400 
              40064400 
              40063400 
              40061420 
              40064420 
              40063420 
              4006151C 
              4006451C 
              4006351C 



ARM Macro Assembler    Page 10 


              40063510 
              40063410 
              40063404 
              40063408 
              4006340C 
              E000E448 
              E000E108 
              400643FC 
              4006341C 
Command Line: --debug --xref --diag_suppress=9931 --cpu=Cortex-M4.fp.sp --apcs=
interwork --depend=.\objects\gpio.d -o.\objects\gpio.o -IC:\Keil_v5\ARM\PACK\Ke
il\TM4C_DFP\1.1.0\Device\Include\TM4C129 -IC:\Keil_v5\ARM\CMSIS\Include --prede
fine="__EVAL SETA 1" --predefine="__UVISION_VERSION SETA 531" --predefine="TM4C
1294NCPDT SETA 1" --list=.\listings\gpio.lst gpio.s



ARM Macro Assembler    Page 1 Alphabetic symbol ordering
Relocatable symbols

.text 00000000

Symbol: .text
   Definitions
      At line 72 in file gpio.s
   Uses
      None
Comment: .text unused
EsperaGPIO 00000012

Symbol: EsperaGPIO
   Definitions
      At line 99 in file gpio.s
   Uses
      At line 104 in file gpio.s
Comment: EsperaGPIO used once
GPIOPortM_Handler 000000F8

Symbol: GPIOPortM_Handler
   Definitions
      At line 227 in file gpio.s
   Uses
      At line 77 in file gpio.s
Comment: GPIOPortM_Handler used once
GPIO_Init 00000000

Symbol: GPIO_Init
   Definitions
      At line 87 in file gpio.s
   Uses
      At line 75 in file gpio.s
Comment: GPIO_Init used once
PortN_Output 000000E8

Symbol: PortN_Output
   Definitions
      At line 213 in file gpio.s
   Uses
      At line 76 in file gpio.s
Comment: PortN_Output used once
5 symbols



ARM Macro Assembler    Page 1 Alphabetic symbol ordering
Absolute symbols

GPIO_PORTK 00000200

Symbol: GPIO_PORTK
   Definitions
      At line 37 in file gpio.s
   Uses
      At line 95 in file gpio.s
      At line 102 in file gpio.s

GPIO_PORTK_AFSEL_R 40061420

Symbol: GPIO_PORTK_AFSEL_R
   Definitions
      At line 33 in file gpio.s
   Uses
      At line 138 in file gpio.s
Comment: GPIO_PORTK_AFSEL_R used once
GPIO_PORTK_AMSEL_R 40061528

Symbol: GPIO_PORTK_AMSEL_R
   Definitions
      At line 30 in file gpio.s
   Uses
      At line 108 in file gpio.s
Comment: GPIO_PORTK_AMSEL_R used once
GPIO_PORTK_CR_R 40061524

Symbol: GPIO_PORTK_CR_R
   Definitions
      At line 29 in file gpio.s
   Uses
      None
Comment: GPIO_PORTK_CR_R unused
GPIO_PORTK_DATA_R 400613FC

Symbol: GPIO_PORTK_DATA_R
   Definitions
      At line 36 in file gpio.s
   Uses
      None
Comment: GPIO_PORTK_DATA_R unused
GPIO_PORTK_DEN_R 4006151C

Symbol: GPIO_PORTK_DEN_R
   Definitions
      At line 34 in file gpio.s
   Uses
      At line 145 in file gpio.s
Comment: GPIO_PORTK_DEN_R used once
GPIO_PORTK_DIR_R 40061400

Symbol: GPIO_PORTK_DIR_R
   Definitions
      At line 32 in file gpio.s
   Uses
      At line 124 in file gpio.s
Comment: GPIO_PORTK_DIR_R used once
GPIO_PORTK_IBE_R 40061408




ARM Macro Assembler    Page 2 Alphabetic symbol ordering
Absolute symbols

Symbol: GPIO_PORTK_IBE_R
   Definitions
      At line 23 in file gpio.s
   Uses
      None
Comment: GPIO_PORTK_IBE_R unused
GPIO_PORTK_ICR_R 4006141C

Symbol: GPIO_PORTK_ICR_R
   Definitions
      At line 27 in file gpio.s
   Uses
      None
Comment: GPIO_PORTK_ICR_R unused
GPIO_PORTK_IEV_R 4006140C

Symbol: GPIO_PORTK_IEV_R
   Definitions
      At line 24 in file gpio.s
   Uses
      None
Comment: GPIO_PORTK_IEV_R unused
GPIO_PORTK_IM_R 40061410

Symbol: GPIO_PORTK_IM_R
   Definitions
      At line 25 in file gpio.s
   Uses
      None
Comment: GPIO_PORTK_IM_R unused
GPIO_PORTK_IS_R 40061404

Symbol: GPIO_PORTK_IS_R
   Definitions
      At line 22 in file gpio.s
   Uses
      None
Comment: GPIO_PORTK_IS_R unused
GPIO_PORTK_LOCK_R 40061520

Symbol: GPIO_PORTK_LOCK_R
   Definitions
      At line 28 in file gpio.s
   Uses
      None
Comment: GPIO_PORTK_LOCK_R unused
GPIO_PORTK_PCTL_R 4006152C

Symbol: GPIO_PORTK_PCTL_R
   Definitions
      At line 31 in file gpio.s
   Uses
      At line 117 in file gpio.s
Comment: GPIO_PORTK_PCTL_R used once
GPIO_PORTK_PUR_R 40061510

Symbol: GPIO_PORTK_PUR_R
   Definitions
      At line 35 in file gpio.s



ARM Macro Assembler    Page 3 Alphabetic symbol ordering
Absolute symbols

   Uses
      None
Comment: GPIO_PORTK_PUR_R unused
GPIO_PORTK_RIS_R 40061414

Symbol: GPIO_PORTK_RIS_R
   Definitions
      At line 26 in file gpio.s
   Uses
      None
Comment: GPIO_PORTK_RIS_R unused
GPIO_PORTM 00000800

Symbol: GPIO_PORTM
   Definitions
      At line 55 in file gpio.s
   Uses
      At line 94 in file gpio.s
      At line 101 in file gpio.s

GPIO_PORTM_AFSEL_R 40063420

Symbol: GPIO_PORTM_AFSEL_R
   Definitions
      At line 51 in file gpio.s
   Uses
      At line 142 in file gpio.s
Comment: GPIO_PORTM_AFSEL_R used once
GPIO_PORTM_AMSEL_R 40063528

Symbol: GPIO_PORTM_AMSEL_R
   Definitions
      At line 48 in file gpio.s
   Uses
      At line 110 in file gpio.s
Comment: GPIO_PORTM_AMSEL_R used once
GPIO_PORTM_CR_R 40063524

Symbol: GPIO_PORTM_CR_R
   Definitions
      At line 47 in file gpio.s
   Uses
      None
Comment: GPIO_PORTM_CR_R unused
GPIO_PORTM_DATA_R 400633FC

Symbol: GPIO_PORTM_DATA_R
   Definitions
      At line 54 in file gpio.s
   Uses
      None
Comment: GPIO_PORTM_DATA_R unused
GPIO_PORTM_DEN_R 4006351C

Symbol: GPIO_PORTM_DEN_R
   Definitions
      At line 52 in file gpio.s
   Uses
      At line 158 in file gpio.s



ARM Macro Assembler    Page 4 Alphabetic symbol ordering
Absolute symbols

Comment: GPIO_PORTM_DEN_R used once
GPIO_PORTM_DIR_R 40063400

Symbol: GPIO_PORTM_DIR_R
   Definitions
      At line 50 in file gpio.s
   Uses
      At line 132 in file gpio.s
Comment: GPIO_PORTM_DIR_R used once
GPIO_PORTM_IBE_R 40063408

Symbol: GPIO_PORTM_IBE_R
   Definitions
      At line 41 in file gpio.s
   Uses
      At line 181 in file gpio.s
Comment: GPIO_PORTM_IBE_R used once
GPIO_PORTM_ICR_R 4006341C

Symbol: GPIO_PORTM_ICR_R
   Definitions
      At line 45 in file gpio.s
   Uses
      At line 228 in file gpio.s
Comment: GPIO_PORTM_ICR_R used once
GPIO_PORTM_IEV_R 4006340C

Symbol: GPIO_PORTM_IEV_R
   Definitions
      At line 42 in file gpio.s
   Uses
      At line 185 in file gpio.s
Comment: GPIO_PORTM_IEV_R used once
GPIO_PORTM_IM_R 40063410

Symbol: GPIO_PORTM_IM_R
   Definitions
      At line 43 in file gpio.s
   Uses
      At line 171 in file gpio.s
      At line 190 in file gpio.s

GPIO_PORTM_IS_R 40063404

Symbol: GPIO_PORTM_IS_R
   Definitions
      At line 40 in file gpio.s
   Uses
      At line 176 in file gpio.s
Comment: GPIO_PORTM_IS_R used once
GPIO_PORTM_LOCK_R 40063520

Symbol: GPIO_PORTM_LOCK_R
   Definitions
      At line 46 in file gpio.s
   Uses
      None
Comment: GPIO_PORTM_LOCK_R unused
GPIO_PORTM_PCTL_R 4006352C



ARM Macro Assembler    Page 5 Alphabetic symbol ordering
Absolute symbols


Symbol: GPIO_PORTM_PCTL_R
   Definitions
      At line 49 in file gpio.s
   Uses
      At line 119 in file gpio.s
Comment: GPIO_PORTM_PCTL_R used once
GPIO_PORTM_PUR_R 40063510

Symbol: GPIO_PORTM_PUR_R
   Definitions
      At line 53 in file gpio.s
   Uses
      At line 165 in file gpio.s
Comment: GPIO_PORTM_PUR_R used once
GPIO_PORTM_RIS_R 40063414

Symbol: GPIO_PORTM_RIS_R
   Definitions
      At line 44 in file gpio.s
   Uses
      None
Comment: GPIO_PORTM_RIS_R unused
GPIO_PORTN 00001000

Symbol: GPIO_PORTN
   Definitions
      At line 66 in file gpio.s
   Uses
      At line 93 in file gpio.s
      At line 100 in file gpio.s

GPIO_PORTN_AFSEL_R 40064420

Symbol: GPIO_PORTN_AFSEL_R
   Definitions
      At line 62 in file gpio.s
   Uses
      At line 140 in file gpio.s
Comment: GPIO_PORTN_AFSEL_R used once
GPIO_PORTN_AMSEL_R 40064528

Symbol: GPIO_PORTN_AMSEL_R
   Definitions
      At line 59 in file gpio.s
   Uses
      At line 112 in file gpio.s
Comment: GPIO_PORTN_AMSEL_R used once
GPIO_PORTN_CR_R 40064524

Symbol: GPIO_PORTN_CR_R
   Definitions
      At line 58 in file gpio.s
   Uses
      None
Comment: GPIO_PORTN_CR_R unused
GPIO_PORTN_DATA_R 400643FC

Symbol: GPIO_PORTN_DATA_R



ARM Macro Assembler    Page 6 Alphabetic symbol ordering
Absolute symbols

   Definitions
      At line 65 in file gpio.s
   Uses
      At line 214 in file gpio.s
Comment: GPIO_PORTN_DATA_R used once
GPIO_PORTN_DEN_R 4006451C

Symbol: GPIO_PORTN_DEN_R
   Definitions
      At line 63 in file gpio.s
   Uses
      At line 151 in file gpio.s
Comment: GPIO_PORTN_DEN_R used once
GPIO_PORTN_DIR_R 40064400

Symbol: GPIO_PORTN_DIR_R
   Definitions
      At line 61 in file gpio.s
   Uses
      At line 127 in file gpio.s
Comment: GPIO_PORTN_DIR_R used once
GPIO_PORTN_LOCK_R 40064520

Symbol: GPIO_PORTN_LOCK_R
   Definitions
      At line 57 in file gpio.s
   Uses
      None
Comment: GPIO_PORTN_LOCK_R unused
GPIO_PORTN_PCTL_R 4006452C

Symbol: GPIO_PORTN_PCTL_R
   Definitions
      At line 60 in file gpio.s
   Uses
      At line 121 in file gpio.s
Comment: GPIO_PORTN_PCTL_R used once
GPIO_PORTN_PUR_R 40064510

Symbol: GPIO_PORTN_PUR_R
   Definitions
      At line 64 in file gpio.s
   Uses
      None
Comment: GPIO_PORTN_PUR_R unused
NVIC_EN2_R E000E108

Symbol: NVIC_EN2_R
   Definitions
      At line 17 in file gpio.s
   Uses
      At line 201 in file gpio.s
Comment: NVIC_EN2_R used once
NVIC_PRI18_R E000E448

Symbol: NVIC_PRI18_R
   Definitions
      At line 18 in file gpio.s
   Uses



ARM Macro Assembler    Page 7 Alphabetic symbol ordering
Absolute symbols

      At line 196 in file gpio.s
Comment: NVIC_PRI18_R used once
SYSCTL_PRGPIO_R 400FEA08

Symbol: SYSCTL_PRGPIO_R
   Definitions
      At line 13 in file gpio.s
   Uses
      At line 98 in file gpio.s
Comment: SYSCTL_PRGPIO_R used once
SYSCTL_RCGCGPIO_R 400FE608

Symbol: SYSCTL_RCGCGPIO_R
   Definitions
      At line 12 in file gpio.s
   Uses
      At line 92 in file gpio.s
Comment: SYSCTL_RCGCGPIO_R used once
46 symbols



ARM Macro Assembler    Page 1 Alphabetic symbol ordering
External symbols

DisableInterrupts 00000000

Symbol: DisableInterrupts
   Definitions
      At line 79 in file gpio.s
   Uses
      None
Comment: DisableInterrupts unused
EnableInterrupts 00000000

Symbol: EnableInterrupts
   Definitions
      At line 78 in file gpio.s
   Uses
      None
Comment: EnableInterrupts unused
SysTick_Wait1ms 00000000

Symbol: SysTick_Wait1ms
   Definitions
      At line 80 in file gpio.s
   Uses
      None
Comment: SysTick_Wait1ms unused
3 symbols
390 symbols in table
