


ARM Macro Assembler    Page 1 


    1 00000000         ; main.s
    2 00000000         ; Desenvolvido para a placa EK-TM4C1294XL
    3 00000000         ; Prof. Guilherme Peron
    4 00000000         ; 15/03/2018
    5 00000000         ; Este programa espera o usuário apertar a chave USR_SW1
                        e/ou a chave USR_SW2.
    6 00000000         ; Caso o usuário pressione a chave USR_SW1, acenderá o L
                       ED2. Caso o usuário pressione 
    7 00000000         ; a chave USR_SW2, acenderá o LED1. Caso as duas chaves 
                       sejam pressionadas, os dois 
    8 00000000         ; LEDs acendem.
    9 00000000         
   10 00000000         ; ------------------------------------------------------
                       -------------------------
   11 00000000                 THUMB                        ; Instruçőes do tip
                                                            o Thumb-2
   12 00000000         ; ------------------------------------------------------
                       -------------------------
   13 00000000         
   14 00000000         ; ------------------------------------------------------
                       -------------------------
   15 00000000         ; Área de Dados - Declaraçőes de variáveis
   16 00000000                 AREA             DATA, ALIGN=2
   17 00000000         ; Se alguma variável for chamada em outro arquivo
   18 00000000         ;EXPORT  <var> [DATA,SIZE=<tam>]   ; Permite chamar a va
                       riável <var> a 
   19 00000000         ; partir de outro arquivo
   20 00000000         ;<var> SPACE <tam>                        ; Declara uma 
                       variável de nome <var>
   21 00000000         ; de <tam> bytes a partir da primeira 
   22 00000000         ; posiçăo da RAM  
   23 00000000         
   24 00000000         ; ------------------------------------------------------
                       -------------------------
   25 00000000         ; Área de Código - Tudo abaixo da diretiva a seguir será
                        armazenado na memória de 
   26 00000000         ;                  código
   27 00000000                 AREA             |.text|, CODE, READONLY, ALIGN=
2
   28 00000000         
   29 00000000         ; Se alguma funçăo do arquivo for chamada em outro arqui
                       vo 
   30 00000000                 EXPORT           Start       ; Permite chamar a 
                                                            funçăo Start a part
                                                            ir de 
   31 00000000         ; outro arquivo. No caso startup.s
   32 00000000         
   33 00000000         ; Se chamar alguma funçăo externa 
   34 00000000         ;IMPORT <func>              ; Permite chamar dentro dest
                       e arquivo uma 
   35 00000000         ; funçăo <func>
   36 00000000                 IMPORT           PLL_Init
   37 00000000                 IMPORT           SysTick_Init
   38 00000000                 IMPORT           SysTick_Wait1ms
   39 00000000                 IMPORT           GPIO_Init
   40 00000000                 IMPORT           PortN_Output
   41 00000000         
   42 00000000         ; ------------------------------------------------------
                       -------------------------



ARM Macro Assembler    Page 2 


   43 00000000         
   44 00000000 3F 06 5B 
              4F 66 6D 
              7D 07 7F 
              6F       Tab7Seg DCB              0x3F, 0x06, 0x5B, 0x4F, 0x66, 0
x6D, 0x7D, 0x07, 0x7F, 0x6F
   45 0000000A         ; Funçăo main()
   46 0000000A         Start
   47 0000000A F7FF FFFE       BL               PLL_Init    ;Chama a subrotina 
                                                            para alterar o cloc
                                                            k do microcontrolad
                                                            or para 80MHz
   48 0000000E F7FF FFFE       BL               SysTick_Init ;Chama a subrotina
                                                             para inicializar o
                                                             SysTick
   49 00000012 F7FF FFFE       BL               GPIO_Init   ;Chama a subrotina 
                                                            que inicializa os G
                                                            PIO
   50 00000016         
   51 00000016 F04F 040A       MOV              R4, #10     ;nível atual
   52 0000001A F04F 0532       MOV              R5, #50     ;setpoint
   53 0000001E F04F 06A6       LDR              R6, =166
   54 00000022         
   55 00000022         loop
   56 00000022 42AC            CMP              R4, R5
   57 00000024 D00A            BEQ              estabilidade
   58 00000026 D804            BHI              esvaziando
   59 00000028         
   60 00000028         enchendo
   61 00000028 F04F 0001       MOV              R0, #2_01   ;liga o PN0
   62 0000002C F7FF FFFE       BL               PortN_Output
   63 00000030 E008            B                mux
   64 00000032         
   65 00000032         esvaziando
   66 00000032 F04F 0002       MOV              R0, #2_10   ;liga o PN1
   67 00000036 F7FF FFFE       BL               PortN_Output
   68 0000003A E003            B                mux
   69 0000003C         
   70 0000003C         estabilidade
   71 0000003C F04F 0303       MOV              R3, #3
   72 00000040 F7FF FFFE       BL               PortN_Output
   73 00000044         
   74 00000044         mux
   75 00000044         ;dezena
   76 00000044 F04F 000A       MOV              R0, #10
   77 00000048 FBB4 F1F0       UDIV             R1, R4, R0  ;R1 guarda a dezena
                                                             do nível atual
   78 0000004C F000 F83B       BL               mostrar
   79 00000050 F04F 0010       MOV              R0, #2_010000
   80 00000054 4A23            LDR              R2, =0x400593FC
   81 00000056 6010            STR              R0, [R2]    ;liga o transistor 
                                                            Q1
   82 00000058 F04F 0001       MOV              R0, #1
   83 0000005C F7FF FFFE       BL               SysTick_Wait1ms ;deixa ligado p
                                                            or 1ms
   84 00000060 F04F 0000       MOV              R0, #0
   85 00000064 6010            STR              R0, [R2]    ;desliga Q1
   86 00000066 F7FF FFFE       BL               SysTick_Wait1ms
   87 0000006A         



ARM Macro Assembler    Page 3 


   88 0000006A         ;unidade
   89 0000006A F04F 000A       MOV              R0, #10
   90 0000006E FBB4 F1F0       UDIV             R1, R4, R0
   91 00000072 FB01 4110       MLS              R1, R1, R0, R4 ;R1 guarda a uni
                                                            dade (R1= R4-R1*R0)
                                                            
   92 00000076 F000 F826       BL               mostrar
   93 0000007A F04F 0020       MOV              R0, #2_100000 ;liga Q2 
   94 0000007E 6010            STR              R0, [R2]
   95 00000080 F04F 0001       MOV              R0, #1
   96 00000084 F7FF FFFE       BL               SysTick_Wait1ms
   97 00000088 F04F 0000       MOV              R0, #0
   98 0000008C 6010            STR              R0, [R2]    ;desliga Q2
   99 0000008E F7FF FFFE       BL               SysTick_Wait1ms
  100 00000092         
  101 00000092         ;setpoint
  102 00000092 4628            MOV              R0, R5
  103 00000094 F000 F817       BL               mostrar
  104 00000098 F04F 0020       MOV              R0, #2_100000 ;liga Q3
  105 0000009C 4A12            LDR              R2, =0x400653FC ;DATA PORT P
  106 0000009E 6010            STR              R0, [R2]
  107 000000A0 F04F 0001       MOV              R0, #1
  108 000000A4 F7FF FFFE       BL               SysTick_Wait1ms
  109 000000A8 F04F 0000       MOV              R0, #0
  110 000000AC 6010            STR              R0, [R2]    ;desliga Q3
  111 000000AE F7FF FFFE       BL               SysTick_Wait1ms
  112 000000B2         
  113 000000B2 1E76            SUBS             R6, R6, #1  ;se der zero ativa 
                                                            a flag
  114 000000B4 D1B5            BNE              loop
  115 000000B6         
  116 000000B6 F04F 06A6       LDR              R6, =166
  117 000000BA 42AC            CMP              R4, R5
  118 000000BC BFB8            IT               LT
  119 000000BE 1C64            ADDLT            R4, R4, #1  ;se menor, aumenta 
                                                            R4 em 1
  120 000000C0 BFC8            IT               GT
  121 000000C2 1E64            SUBGT            R4, R4, #1  ;se maior, subtrai 
                                                            R4 em 1
  122 000000C4 E7AD            B                loop
  123 000000C6         
  124 000000C6         mostrar
  125 000000C6 B50C            PUSH             {R2, R3, LR}
  126 000000C8 290A            CMP              R1, #10
  127 000000CA D201            BHS              pula
  128 000000CC 4A07            LDR              R2, =Tab7Seg
  129 000000CE 5C51            LDRB             R1, [R2, R1]
  130 000000D0         
  131 000000D0         pula
  132 000000D0 F001 02F0       AND              R2, R1, #0xF0
  133 000000D4 4B06            LDR              R3, =0x400583FC
  134 000000D6 601A            STR              R2, [R3]
  135 000000D8 F001 020F       AND              R2, R1, #0x0F
  136 000000DC 4B05            LDR              R3, =0x400663FC
  137 000000DE 601A            STR              R2, [R3]
  138 000000E0 BD0C            POP              {R2, R3, PC}
  139 000000E2         
  140 000000E2 BF00            NOP
  141 000000E4         



ARM Macro Assembler    Page 4 


  142 000000E4                 ALIGN                        ;Garante que o fim 
                                                            da seçăo está alinh
                                                            ada 
  143 000000E4                 END                          ;Fim do arquivo
              400593FC 
              400653FC 
              00000000 
              400583FC 
              400663FC 
Command Line: --debug --xref --diag_suppress=9931 --cpu=Cortex-M4.fp.sp --apcs=
interwork --depend=.\objects\main.d -o.\objects\main.o -IC:\Users\elenb\AppData
\Local\Arm\Packs\Keil\TM4C_DFP\1.1.0\Device\Include\TM4C129 --predefine="__EVAL
 SETA 1" --predefine="__UVISION_VERSION SETA 536" --predefine="TM4C1294NCPDT SE
TA 1" --list=.\listings\main.lst main.s



ARM Macro Assembler    Page 1 Alphabetic symbol ordering
Relocatable symbols

DATA 00000000

Symbol: DATA
   Definitions
      At line 16 in file main.s
   Uses
      None
Comment: DATA unused
1 symbol



ARM Macro Assembler    Page 1 Alphabetic symbol ordering
Relocatable symbols

.text 00000000

Symbol: .text
   Definitions
      At line 27 in file main.s
   Uses
      None
Comment: .text unused
Start 0000000A

Symbol: Start
   Definitions
      At line 46 in file main.s
   Uses
      At line 30 in file main.s
Comment: Start used once
Tab7Seg 00000000

Symbol: Tab7Seg
   Definitions
      At line 44 in file main.s
   Uses
      At line 128 in file main.s
Comment: Tab7Seg used once
enchendo 00000028

Symbol: enchendo
   Definitions
      At line 60 in file main.s
   Uses
      None
Comment: enchendo unused
estabilidade 0000003C

Symbol: estabilidade
   Definitions
      At line 70 in file main.s
   Uses
      At line 57 in file main.s
Comment: estabilidade used once
esvaziando 00000032

Symbol: esvaziando
   Definitions
      At line 65 in file main.s
   Uses
      At line 58 in file main.s
Comment: esvaziando used once
loop 00000022

Symbol: loop
   Definitions
      At line 55 in file main.s
   Uses
      At line 114 in file main.s
      At line 122 in file main.s

mostrar 000000C6




ARM Macro Assembler    Page 2 Alphabetic symbol ordering
Relocatable symbols

Symbol: mostrar
   Definitions
      At line 124 in file main.s
   Uses
      At line 78 in file main.s
      At line 92 in file main.s
      At line 103 in file main.s

mux 00000044

Symbol: mux
   Definitions
      At line 74 in file main.s
   Uses
      At line 63 in file main.s
      At line 68 in file main.s

pula 000000D0

Symbol: pula
   Definitions
      At line 131 in file main.s
   Uses
      At line 127 in file main.s
Comment: pula used once
10 symbols



ARM Macro Assembler    Page 1 Alphabetic symbol ordering
External symbols

GPIO_Init 00000000

Symbol: GPIO_Init
   Definitions
      At line 39 in file main.s
   Uses
      At line 49 in file main.s
Comment: GPIO_Init used once
PLL_Init 00000000

Symbol: PLL_Init
   Definitions
      At line 36 in file main.s
   Uses
      At line 47 in file main.s
Comment: PLL_Init used once
PortN_Output 00000000

Symbol: PortN_Output
   Definitions
      At line 40 in file main.s
   Uses
      At line 62 in file main.s
      At line 67 in file main.s
      At line 72 in file main.s

SysTick_Init 00000000

Symbol: SysTick_Init
   Definitions
      At line 37 in file main.s
   Uses
      At line 48 in file main.s
Comment: SysTick_Init used once
SysTick_Wait1ms 00000000

Symbol: SysTick_Wait1ms
   Definitions
      At line 38 in file main.s
   Uses
      At line 83 in file main.s
      At line 86 in file main.s
      At line 96 in file main.s
      At line 99 in file main.s
      At line 108 in file main.s
      At line 111 in file main.s

5 symbols
352 symbols in table
